

Microchip MPLAB XC8 Assembler V2.32 build 20210201212658 
                                                                                               Fri Oct  7 19:54:42 2022

Microchip MPLAB XC8 C Compiler v2.32 (Free license) build 20210201212658 Og1 
     1                           	processor	16F819
     2                           	pagewidth 120
     3                           	opt	flic
     4                           	psect	cinit,global,class=CODE,merge=1,delta=2
     5                           	psect	cstackCOMMON,global,class=COMMON,space=1,delta=1,noexec
     6                           	psect	maintext,global,class=CODE,split=1,delta=2
     7                           	psect	config,global,abs,ovrld,class=CONFIG,space=4,delta=2,noexec
     8                           	dabs	1,0x7E,2
     9  0000                     
    10                           ; Version 2.40
    11                           ; Generated 17/11/2021 GMT
    12                           ; 
    13                           ; Copyright © 2021, Microchip Technology Inc. and its subsidiaries ("Microchip")
    14                           ; All rights reserved.
    15                           ; 
    16                           ; This software is developed by Microchip Technology Inc. and its subsidiaries ("Microch
      +                          ip").
    17                           ; 
    18                           ; Redistribution and use in source and binary forms, with or without modification, are
    19                           ; permitted provided that the following conditions are met:
    20                           ; 
    21                           ;     1. Redistributions of source code must retain the above copyright notice, this lis
      +                          t of
    22                           ;        conditions and the following disclaimer.
    23                           ; 
    24                           ;     2. Redistributions in binary form must reproduce the above copyright notice, this 
      +                          list
    25                           ;        of conditions and the following disclaimer in the documentation and/or other
    26                           ;        materials provided with the distribution. Publication is not required when
    27                           ;        this file is used in an embedded application.
    28                           ; 
    29                           ;     3. Microchip's name may not be used to endorse or promote products derived from th
      +                          is
    30                           ;        software without specific prior written permission.
    31                           ; 
    32                           ; THIS SOFTWARE IS PROVIDED BY MICROCHIP "AS IS" AND ANY EXPRESS OR IMPLIED WARRANTIES,
    33                           ; INCLUDING, BUT NOT LIMITED TO, THE IMPLIED WARRANTIES OF MERCHANTABILITY AND FITNESS F
      +                          OR
    34                           ; PURPOSE ARE DISCLAIMED.  IN NO EVENT SHALL MICROCHIP BE LIABLE FOR ANY DIRECT, INDIREC
      +                          T,
    35                           ; INCIDENTAL, SPECIAL, EXEMPLARY, OR CONSEQUENTIAL DAMAGES (INCLUDING BUT NOT LIMITED TO
    36                           ; PROCUREMENT OF SUBSTITUTE GOODS OR SERVICES; LOSS OF USE, DATA OR PROFITS; OR BUSINESS
    37                           ; INTERRUPTION) HOWSOEVER CAUSED AND ON ANY THEORY OF LIABILITY, WHETHER IN CONTRACT, ST
      +                          RICT
    38                           ; LIABILITY, OR TORT (INCLUDING NEGLIGENCE OR OTHERWISE) ARISING IN ANY WAY OUT OF THE U
      +                          SE OF
    39                           ; THIS SOFTWARE, EVEN IF ADVISED OF THE POSSIBILITY OF SUCH DAMAGE.
    40                           ; 
    41                           ; 
    42                           ; Code-generator required, PIC16F819 Definitions
    43                           ; 
    44                           ; SFR Addresses
    45  0000                     	;# 
    46  0001                     	;# 
    47  0002                     	;# 
    48  0003                     	;# 
    49  0004                     	;# 
    50  0005                     	;# 
    51  0006                     	;# 
    52  000A                     	;# 
    53  000B                     	;# 
    54  000C                     	;# 
    55  000D                     	;# 
    56  000E                     	;# 
    57  000E                     	;# 
    58  000F                     	;# 
    59  0010                     	;# 
    60  0011                     	;# 
    61  0012                     	;# 
    62  0013                     	;# 
    63  0014                     	;# 
    64  0015                     	;# 
    65  0015                     	;# 
    66  0016                     	;# 
    67  0017                     	;# 
    68  001E                     	;# 
    69  001F                     	;# 
    70  0081                     	;# 
    71  0085                     	;# 
    72  0086                     	;# 
    73  008C                     	;# 
    74  008D                     	;# 
    75  008E                     	;# 
    76  008F                     	;# 
    77  0090                     	;# 
    78  0092                     	;# 
    79  0093                     	;# 
    80  0094                     	;# 
    81  009E                     	;# 
    82  009F                     	;# 
    83  010C                     	;# 
    84  010D                     	;# 
    85  010E                     	;# 
    86  010F                     	;# 
    87  018C                     	;# 
    88  018D                     	;# 
    89  0000                     	;# 
    90  0001                     	;# 
    91  0002                     	;# 
    92  0003                     	;# 
    93  0004                     	;# 
    94  0005                     	;# 
    95  0006                     	;# 
    96  000A                     	;# 
    97  000B                     	;# 
    98  000C                     	;# 
    99  000D                     	;# 
   100  000E                     	;# 
   101  000E                     	;# 
   102  000F                     	;# 
   103  0010                     	;# 
   104  0011                     	;# 
   105  0012                     	;# 
   106  0013                     	;# 
   107  0014                     	;# 
   108  0015                     	;# 
   109  0015                     	;# 
   110  0016                     	;# 
   111  0017                     	;# 
   112  001E                     	;# 
   113  001F                     	;# 
   114  0081                     	;# 
   115  0085                     	;# 
   116  0086                     	;# 
   117  008C                     	;# 
   118  008D                     	;# 
   119  008E                     	;# 
   120  008F                     	;# 
   121  0090                     	;# 
   122  0092                     	;# 
   123  0093                     	;# 
   124  0094                     	;# 
   125  009E                     	;# 
   126  009F                     	;# 
   127  010C                     	;# 
   128  010D                     	;# 
   129  010E                     	;# 
   130  010F                     	;# 
   131  018C                     	;# 
   132  018D                     	;# 
   133  0006                     _PORTBbits	set	6
   134  0006                     _PORTB	set	6
   135  0086                     _TRISBbits	set	134
   136  008F                     _OSCCONbits	set	143
   137                           
   138                           	psect	cinit
   139  07FE                     start_initialization:	
   140                           ; #config settings
   141                           
   142  07FE                     __initialization:
   143  07FE                     end_of_initialization:	
   144                           ;End of C runtime variable initialization code
   145                           
   146  07FE                     __end_of__initialization:
   147  07FE  0183               	clrf	3
   148  07FF  2F75               	ljmp	_main	;jump to C main() function
   149                           
   150                           	psect	cstackCOMMON
   151  0070                     __pcstackCOMMON:
   152  0070                     ?_main:
   153  0070                     ??_main:	
   154                           ; 1 bytes @ 0x0
   155                           
   156                           
   157                           ; 1 bytes @ 0x0
   158  0070                     	ds	3
   159                           
   160                           	psect	maintext
   161  0775                     __pmaintext:	
   162 ;;
   163 ;;Main: autosize = 0, tempsize = 3, incstack = 0, save=0
   164 ;;
   165 ;; *************** function _main *****************
   166 ;; Defined at:
   167 ;;		line 35 in file "main.c"
   168 ;; Parameters:    Size  Location     Type
   169 ;;		None
   170 ;; Auto vars:     Size  Location     Type
   171 ;;		None
   172 ;; Return value:  Size  Location     Type
   173 ;;                  1    wreg      void 
   174 ;; Registers used:
   175 ;;		wreg, status,2
   176 ;; Tracked objects:
   177 ;;		On entry : B00/0
   178 ;;		On exit  : 0/0
   179 ;;		Unchanged: 0/0
   180 ;; Data sizes:     COMMON   BANK0   BANK1   BANK2
   181 ;;      Params:         0       0       0       0
   182 ;;      Locals:         0       0       0       0
   183 ;;      Temps:          3       0       0       0
   184 ;;      Totals:         3       0       0       0
   185 ;;Total ram usage:        3 bytes
   186 ;; This function calls:
   187 ;;		Nothing
   188 ;; This function is called by:
   189 ;;		Startup code after reset
   190 ;; This function uses a non-reentrant model
   191 ;;
   192                           
   193                           
   194                           ;psect for function _main
   195  0775                     _main:
   196  0775                     l610:	
   197                           ;incstack = 0
   198                           ; Regs used in _main: [wreg+status,2]
   199                           
   200                           
   201                           ;main.c: 39:     OSCCONbits.IRCF2 = 1;
   202  0775  1683               	bsf	3,5	;RP0=1, select bank1
   203  0776  1303               	bcf	3,6	;RP1=0, select bank1
   204  0777  170F               	bsf	15,6	;volatile
   205                           
   206                           ;main.c: 40:     OSCCONbits.IRCF1 = 1;
   207  0778  168F               	bsf	15,5	;volatile
   208                           
   209                           ;main.c: 41:     OSCCONbits.IRCF0 = 1;
   210  0779  160F               	bsf	15,4	;volatile
   211                           
   212                           ;main.c: 44:     OSCCONbits.IOFS = 1;
   213  077A  150F               	bsf	15,2	;volatile
   214                           
   215                           ;main.c: 48:     TRISBbits.TRISB0 = 0;
   216  077B  1006               	bcf	6,0	;volatile
   217                           
   218                           ;main.c: 49:     TRISBbits.TRISB1 = 0;
   219  077C  1086               	bcf	6,1	;volatile
   220                           
   221                           ;main.c: 50:     TRISBbits.TRISB2 = 0;
   222  077D  1106               	bcf	6,2	;volatile
   223                           
   224                           ;main.c: 51:     TRISBbits.TRISB3 = 0;
   225  077E  1186               	bcf	6,3	;volatile
   226                           
   227                           ;main.c: 52:     TRISBbits.TRISB4 = 0;
   228  077F  1206               	bcf	6,4	;volatile
   229                           
   230                           ;main.c: 53:     TRISBbits.TRISB5 = 0;
   231  0780  1286               	bcf	6,5	;volatile
   232                           
   233                           ;main.c: 54:     TRISBbits.TRISB6 = 0;
   234  0781  1306               	bcf	6,6	;volatile
   235                           
   236                           ;main.c: 55:     TRISBbits.TRISB7 = 0;
   237  0782  1386               	bcf	6,7	;volatile
   238  0783                     l612:
   239                           
   240                           ;main.c: 57:     PORTB = 0x00;
   241  0783  1283               	bcf	3,5	;RP0=0, select bank0
   242  0784  1303               	bcf	3,6	;RP1=0, select bank0
   243  0785  0186               	clrf	6	;volatile
   244  0786                     l614:
   245                           
   246                           ;main.c: 61:         PORTBbits.RB4 = 1;
   247  0786  1283               	bcf	3,5	;RP0=0, select bank0
   248  0787  1303               	bcf	3,6	;RP1=0, select bank0
   249  0788  1606               	bsf	6,4	;volatile
   250  0789                     l616:
   251                           
   252                           ;main.c: 62:         _delay((unsigned long)((1000)*(8000000/4000.0)));
   253  0789  300B               	movlw	11
   254  078A  00F2               	movwf	??_main+2
   255  078B  3026               	movlw	38
   256  078C  00F1               	movwf	??_main+1
   257  078D  305D               	movlw	93
   258  078E  00F0               	movwf	??_main
   259  078F                     u17:
   260  078F  0BF0               	decfsz	??_main,f
   261  0790  2F8F               	goto	u17
   262  0791  0BF1               	decfsz	??_main+1,f
   263  0792  2F8F               	goto	u17
   264  0793  0BF2               	decfsz	??_main+2,f
   265  0794  2F8F               	goto	u17
   266  0795  2F96               	nop2
   267  0796                     l618:
   268                           
   269                           ;main.c: 64:         PORTBbits.RB0 = 1;
   270  0796  1283               	bcf	3,5	;RP0=0, select bank0
   271  0797  1303               	bcf	3,6	;RP1=0, select bank0
   272  0798  1406               	bsf	6,0	;volatile
   273  0799                     l620:
   274                           
   275                           ;main.c: 65:         PORTBbits.RB5 = 1;
   276  0799  1686               	bsf	6,5	;volatile
   277  079A                     l622:
   278                           
   279                           ;main.c: 66:         _delay((unsigned long)((5000)*(8000000/4000.0)));
   280  079A  3033               	movlw	51
   281  079B  00F2               	movwf	??_main+2
   282  079C  30BB               	movlw	187
   283  079D  00F1               	movwf	??_main+1
   284  079E  30DF               	movlw	223
   285  079F  00F0               	movwf	??_main
   286  07A0                     u27:
   287  07A0  0BF0               	decfsz	??_main,f
   288  07A1  2FA0               	goto	u27
   289  07A2  0BF1               	decfsz	??_main+1,f
   290  07A3  2FA0               	goto	u27
   291  07A4  0BF2               	decfsz	??_main+2,f
   292  07A5  2FA0               	goto	u27
   293  07A6  2FA7               	nop2
   294  07A7                     l624:
   295                           
   296                           ;main.c: 67:         PORTBbits.RB5 = 0;
   297  07A7  1283               	bcf	3,5	;RP0=0, select bank0
   298  07A8  1303               	bcf	3,6	;RP1=0, select bank0
   299  07A9  1286               	bcf	6,5	;volatile
   300  07AA                     l626:
   301                           
   302                           ;main.c: 68:         PORTBbits.RB0 = 0;
   303  07AA  1006               	bcf	6,0	;volatile
   304  07AB                     l628:
   305                           
   306                           ;main.c: 71:         _delay((unsigned long)((5000)*(8000000/4000.0)));
   307  07AB  3033               	movlw	51
   308  07AC  00F2               	movwf	??_main+2
   309  07AD  30BB               	movlw	187
   310  07AE  00F1               	movwf	??_main+1
   311  07AF  30DF               	movlw	223
   312  07B0  00F0               	movwf	??_main
   313  07B1                     u37:
   314  07B1  0BF0               	decfsz	??_main,f
   315  07B2  2FB1               	goto	u37
   316  07B3  0BF1               	decfsz	??_main+1,f
   317  07B4  2FB1               	goto	u37
   318  07B5  0BF2               	decfsz	??_main+2,f
   319  07B6  2FB1               	goto	u37
   320  07B7  2FB8               	nop2
   321  07B8                     l630:
   322                           
   323                           ;main.c: 74:         PORTBbits.RB1 = 1;
   324  07B8  1283               	bcf	3,5	;RP0=0, select bank0
   325  07B9  1303               	bcf	3,6	;RP1=0, select bank0
   326  07BA  1486               	bsf	6,1	;volatile
   327  07BB                     l632:
   328                           
   329                           ;main.c: 75:         PORTBbits.RB5 = 1;
   330  07BB  1686               	bsf	6,5	;volatile
   331  07BC                     l634:
   332                           
   333                           ;main.c: 76:         _delay((unsigned long)((5000)*(8000000/4000.0)));
   334  07BC  3033               	movlw	51
   335  07BD  00F2               	movwf	??_main+2
   336  07BE  30BB               	movlw	187
   337  07BF  00F1               	movwf	??_main+1
   338  07C0  30DF               	movlw	223
   339  07C1  00F0               	movwf	??_main
   340  07C2                     u47:
   341  07C2  0BF0               	decfsz	??_main,f
   342  07C3  2FC2               	goto	u47
   343  07C4  0BF1               	decfsz	??_main+1,f
   344  07C5  2FC2               	goto	u47
   345  07C6  0BF2               	decfsz	??_main+2,f
   346  07C7  2FC2               	goto	u47
   347  07C8  2FC9               	nop2
   348  07C9                     l636:
   349                           
   350                           ;main.c: 77:         PORTBbits.RB5 = 0;
   351  07C9  1283               	bcf	3,5	;RP0=0, select bank0
   352  07CA  1303               	bcf	3,6	;RP1=0, select bank0
   353  07CB  1286               	bcf	6,5	;volatile
   354  07CC                     l638:
   355                           
   356                           ;main.c: 78:         PORTBbits.RB1 = 0;
   357  07CC  1086               	bcf	6,1	;volatile
   358  07CD                     l640:
   359                           
   360                           ;main.c: 81:         _delay((unsigned long)((5000)*(8000000/4000.0)));
   361  07CD  3033               	movlw	51
   362  07CE  00F2               	movwf	??_main+2
   363  07CF  30BB               	movlw	187
   364  07D0  00F1               	movwf	??_main+1
   365  07D1  30DF               	movlw	223
   366  07D2  00F0               	movwf	??_main
   367  07D3                     u57:
   368  07D3  0BF0               	decfsz	??_main,f
   369  07D4  2FD3               	goto	u57
   370  07D5  0BF1               	decfsz	??_main+1,f
   371  07D6  2FD3               	goto	u57
   372  07D7  0BF2               	decfsz	??_main+2,f
   373  07D8  2FD3               	goto	u57
   374  07D9  2FDA               	nop2
   375  07DA                     l642:
   376                           
   377                           ;main.c: 84:         PORTBbits.RB2 = 1;
   378  07DA  1283               	bcf	3,5	;RP0=0, select bank0
   379  07DB  1303               	bcf	3,6	;RP1=0, select bank0
   380  07DC  1506               	bsf	6,2	;volatile
   381  07DD                     l644:
   382                           
   383                           ;main.c: 85:         PORTBbits.RB5 = 1;
   384  07DD  1686               	bsf	6,5	;volatile
   385  07DE                     l646:
   386                           
   387                           ;main.c: 86:         _delay((unsigned long)((5000)*(8000000/4000.0)));
   388  07DE  3033               	movlw	51
   389  07DF  00F2               	movwf	??_main+2
   390  07E0  30BB               	movlw	187
   391  07E1  00F1               	movwf	??_main+1
   392  07E2  30DF               	movlw	223
   393  07E3  00F0               	movwf	??_main
   394  07E4                     u67:
   395  07E4  0BF0               	decfsz	??_main,f
   396  07E5  2FE4               	goto	u67
   397  07E6  0BF1               	decfsz	??_main+1,f
   398  07E7  2FE4               	goto	u67
   399  07E8  0BF2               	decfsz	??_main+2,f
   400  07E9  2FE4               	goto	u67
   401  07EA  2FEB               	nop2
   402  07EB                     l648:
   403                           
   404                           ;main.c: 87:         PORTBbits.RB5 = 0;
   405  07EB  1283               	bcf	3,5	;RP0=0, select bank0
   406  07EC  1303               	bcf	3,6	;RP1=0, select bank0
   407  07ED  1286               	bcf	6,5	;volatile
   408  07EE                     l650:
   409                           
   410                           ;main.c: 88:         PORTBbits.RB2 = 0;
   411  07EE  1106               	bcf	6,2	;volatile
   412  07EF                     l652:
   413                           
   414                           ;main.c: 90:         PORTBbits.RB4 = 0;
   415  07EF  1206               	bcf	6,4	;volatile
   416  07F0                     l654:
   417                           
   418                           ;main.c: 93:         _delay((unsigned long)((10000)*(8000000/4000.0)));
   419  07F0  3066               	movlw	102
   420  07F1  00F2               	movwf	??_main+2
   421  07F2  3076               	movlw	118
   422  07F3  00F1               	movwf	??_main+1
   423  07F4  30C1               	movlw	193
   424  07F5  00F0               	movwf	??_main
   425  07F6                     u77:
   426  07F6  0BF0               	decfsz	??_main,f
   427  07F7  2FF6               	goto	u77
   428  07F8  0BF1               	decfsz	??_main+1,f
   429  07F9  2FF6               	goto	u77
   430  07FA  0BF2               	decfsz	??_main+2,f
   431  07FB  2FF6               	goto	u77
   432  07FC  2F86               	goto	l614
   433  07FD  2800               	ljmp	start
   434  07FE                     __end_of_main:
   435  007E                     btemp	set	126	;btemp
   436  007E                     wtemp0	set	126
   437                           
   438                           	psect	config
   439                           
   440                           ;Config register CONFIG @ 0x2007
   441                           ;	Oscillator Selection bits
   442                           ;	FOSC = INTOSCIO, INTRC oscillator; port I/O function on both RA6/OSC2/CLKO pin and RA7
      +                          /OSC1/CLKI pin
   443                           ;	Watchdog Timer Enable bit
   444                           ;	WDTE = OFF, WDT disabled
   445                           ;	Power-up Timer Enable bit
   446                           ;	PWRTE = OFF, PWRT disabled
   447                           ;	RA5/MCLR/VPP Pin Function Select bit
   448                           ;	MCLRE = OFF, RA5/MCLR/VPP pin function is digital I/O, MCLR internally tied to VDD
   449                           ;	Brown-out Reset Enable bit
   450                           ;	BOREN = OFF, BOR disabled
   451                           ;	Low-Voltage Programming Enable bit
   452                           ;	LVP = OFF, RB3/PGM pin has digital I/O function, HV on MCLR must be used for programmi
      +                          ng
   453                           ;	Data EE Memory Code Protection bit
   454                           ;	CPD = OFF, Code protection off
   455                           ;	Flash Program Memory Write Enable bits
   456                           ;	WRT = OFF, Write protection off
   457                           ;	In-Circuit Debugger Mode bit
   458                           ;	DEBUG = 0x1, unprogrammed default
   459                           ;	CCP1 Pin Selection bit
   460                           ;	CCPMX = RB2, CCP1 function on RB2
   461                           ;	Flash Program Memory Code Protection bit
   462                           ;	CP = OFF, Code protection off
   463  2007                     	org	8199
   464  2007  3F18               	dw	16152

Data Sizes:
    Strings     0
    Constant    0
    Data        0
    BSS         0
    Persistent  0
    Stack       0

Auto Spaces:
    Space          Size  Autos    Used
    COMMON           14      3       3
    BANK0            80      0       0
    BANK1            80      0       0
    BANK2            80      0       0

Pointer List with Targets:

    None.

Critical Paths under _main in COMMON

    None.

Critical Paths under _main in BANK0

    None.

Critical Paths under _main in BANK1

    None.

Critical Paths under _main in BANK2

    None.

Call Graph Tables:

 ---------------------------------------------------------------------------------
 (Depth) Function   	        Calls       Base Space   Used Autos Params    Refs
 ---------------------------------------------------------------------------------
 (0) _main                                                 3     3      0       0
                                              0 COMMON     3     3      0
 ---------------------------------------------------------------------------------
 Estimated maximum stack depth 0
 ---------------------------------------------------------------------------------

 Call Graph Graphs:

 _main (ROOT)

 Address spaces:
Name               Size   Autos  Total    Cost      Usage
BITCOMMON            E      0       0       0        0.0%
EEDATA             100      0       0       0        0.0%
NULL                 0      0       0       0        0.0%
CODE                 0      0       0       0        0.0%
COMMON               E      3       3       1       21.4%
BITSFR0              0      0       0       1        0.0%
SFR0                 0      0       0       1        0.0%
BITSFR1              0      0       0       2        0.0%
SFR1                 0      0       0       2        0.0%
STACK                0      0       0       2        0.0%
BANK0               50      0       0       3        0.0%
BITBANK1            50      0       0       4        0.0%
BITSFR3              0      0       0       4        0.0%
SFR3                 0      0       0       4        0.0%
BANK1               50      0       0       5        0.0%
BITSFR2              0      0       0       5        0.0%
SFR2                 0      0       0       5        0.0%
BITBANK2            50      0       0       6        0.0%
BANK2               50      0       0       7        0.0%
ABS                  0      0       0       8        0.0%
BITBANK0            50      0       0       9        0.0%
DATA                 0      0       0      10        0.0%


Microchip Technology PIC Macro Assembler V2.32 build 20210201212658 
Symbol Table                                                                                   Fri Oct  7 19:54:42 2022

                     u17 078F                       u27 07A0                       u37 07B1  
                     u47 07C2                       u57 07D3                       u67 07E4  
                     u77 07F6                      l610 0775                      l620 0799  
                    l612 0783                      l630 07B8                      l622 079A  
                    l614 0786                      l640 07CD                      l632 07BB  
                    l624 07A7                      l616 0789                      l650 07EE  
                    l642 07DA                      l634 07BC                      l626 07AA  
                    l618 0796                      l652 07EF                      l644 07DD  
                    l636 07C9                      l628 07AB                      l654 07F0  
                    l646 07DE                      l638 07CC                      l648 07EB  
                   _main 0775                     btemp 007E                     start 0000  
                  ?_main 0070                    _PORTB 0006                    status 0003  
                  wtemp0 007E          __initialization 07FE             __end_of_main 07FE  
                 ??_main 0070  __end_of__initialization 07FE           __pcstackCOMMON 0070  
             __pmaintext 0775     end_of_initialization 07FE                _PORTBbits 0006  
              _TRISBbits 0086      start_initialization 07FE                ___latbits 0000  
          __size_of_main 0089               _OSCCONbits 008F  
